Added Component: Designator=C1(0603 - CAP)
Added Component: Designator=C2(0603 - CAP)
Added Component: Designator=C3(0603 - CAP)
Added Component: Designator=C4(0603 - CAP)
Added Component: Designator=C5(0603 - CAP)
Added Component: Designator=C6(0805-tan)
Added Component: Designator=C7(0805-tan)
Added Component: Designator=C8(0603 - CAP)
Added Component: Designator=C9(0603 - CAP)
Added Component: Designator=C10(0603 - CAP)
Added Component: Designator=C11(0603 - CAP)
Added Component: Designator=C12(0603 - CAP)
Added Component: Designator=C13(0603 - CAP)
Added Component: Designator=C14(0603 - CAP)
Added Component: Designator=D1(SOD-323)
Added Component: Designator=J1(65100516121)
Added Component: Designator=R1(0805-RES)
Added Component: Designator=R2(0402)
Added Component: Designator=R3(0805-RES)
Added Component: Designator=R4(0805-RES)
Added Component: Designator=R5(0805-RES)
Added Component: Designator=R6(0805-RES)
Added Component: Designator=R7(0805-RES)
Added Component: Designator=R8(0805-RES)
Added Component: Designator=R9(0805-RES)
Added Component: Designator=R10(0805-RES)
Added Component: Designator=R11(0805-RES)
Added Component: Designator=U1(Quad32)
Added Component: Designator=U2(DBV005)
Added Component: Designator=U12TAG1(690367290876)
Added Component: Designator=U13D1(0805-LEDG)
Added Component: Designator=X1(XTAL 4-SMD)
Added Pin To Net: NetName=1.8_VCC Pin=C12-2
Added Pin To Net: NetName=1.8_VCC Pin=C13-1
Added Pin To Net: NetName=1.8_VCC Pin=C14-2
Added Pin To Net: NetName=1.8_VCC Pin=R4-2
Added Pin To Net: NetName=1.8_VCC Pin=R5-2
Added Pin To Net: NetName=1.8_VCC Pin=U1-4
Added Net: Name=1.8_VCC
Added Pin To Net: NetName=3.3_VCC Pin=C8-1
Added Pin To Net: NetName=3.3_VCC Pin=C9-2
Added Pin To Net: NetName=3.3_VCC Pin=C10-2
Added Pin To Net: NetName=3.3_VCC Pin=C11-1
Added Pin To Net: NetName=3.3_VCC Pin=R1-1
Added Pin To Net: NetName=3.3_VCC Pin=R3-1
Added Pin To Net: NetName=3.3_VCC Pin=R4-1
Added Pin To Net: NetName=3.3_VCC Pin=R9-1
Added Pin To Net: NetName=3.3_VCC Pin=R10-1
Added Pin To Net: NetName=3.3_VCC Pin=U1-3
Added Pin To Net: NetName=3.3_VCC Pin=U1-25
Added Net: Name=3.3_VCC
Added Pin To Net: NetName=3.3V_USB Pin=C7-1
Added Pin To Net: NetName=3.3V_USB Pin=U2-5
Added Pin To Net: NetName=3.3V_USB Pin=U12TAG1-7
Added Net: Name=3.3V_USB
Added Pin To Net: NetName=5.0_VCC Pin=C6-1
Added Pin To Net: NetName=5.0_VCC Pin=J1-1
Added Pin To Net: NetName=5.0_VCC Pin=U2-1
Added Pin To Net: NetName=5.0_VCC Pin=U13D1-1
Added Net: Name=5.0_VCC
Added Pin To Net: NetName=GND Pin=C1-2
Added Pin To Net: NetName=GND Pin=C2-2
Added Pin To Net: NetName=GND Pin=C3-2
Added Pin To Net: NetName=GND Pin=C4-2
Added Pin To Net: NetName=GND Pin=C5-2
Added Pin To Net: NetName=GND Pin=C6-2
Added Pin To Net: NetName=GND Pin=C7-2
Added Pin To Net: NetName=GND Pin=C8-2
Added Pin To Net: NetName=GND Pin=C9-1
Added Pin To Net: NetName=GND Pin=C10-1
Added Pin To Net: NetName=GND Pin=C11-2
Added Pin To Net: NetName=GND Pin=C12-1
Added Pin To Net: NetName=GND Pin=C13-2
Added Pin To Net: NetName=GND Pin=C14-1
Added Pin To Net: NetName=GND Pin=J1-5
Added Pin To Net: NetName=GND Pin=J1-Shell
Added Pin To Net: NetName=GND Pin=J1-Shell
Added Pin To Net: NetName=GND Pin=J1-Shell
Added Pin To Net: NetName=GND Pin=J1-Shell
Added Pin To Net: NetName=GND Pin=R5-1
Added Pin To Net: NetName=GND Pin=R11-1
Added Pin To Net: NetName=GND Pin=U1-8
Added Pin To Net: NetName=GND Pin=U1-18
Added Pin To Net: NetName=GND Pin=U1-28
Added Pin To Net: NetName=GND Pin=U2-2
Added Pin To Net: NetName=GND Pin=U2-3
Added Pin To Net: NetName=GND Pin=U12TAG1-5
Added Net: Name=GND
Added Pin To Net: NetName=NetC1_1 Pin=C1-1
Added Pin To Net: NetName=NetC1_1 Pin=R1-2
Added Pin To Net: NetName=NetC1_1 Pin=R2-1
Added Pin To Net: NetName=NetC1_1 Pin=U1-9
Added Net: Name=NetC1_1
Added Pin To Net: NetName=NetC2_1 Pin=C2-1
Added Pin To Net: NetName=NetC2_1 Pin=U1-27
Added Pin To Net: NetName=NetC2_1 Pin=X1-3
Added Net: Name=NetC2_1
Added Pin To Net: NetName=NetC3_1 Pin=C3-1
Added Pin To Net: NetName=NetC3_1 Pin=U1-26
Added Pin To Net: NetName=NetC3_1 Pin=X1-1
Added Net: Name=NetC3_1
Added Pin To Net: NetName=NetC4_1 Pin=C4-1
Added Pin To Net: NetName=NetC4_1 Pin=R8-2
Added Pin To Net: NetName=NetC4_1 Pin=U1-7
Added Net: Name=NetC4_1
Added Pin To Net: NetName=NetC5_1 Pin=C5-1
Added Pin To Net: NetName=NetC5_1 Pin=R6-1
Added Pin To Net: NetName=NetC5_1 Pin=R7-2
Added Pin To Net: NetName=NetC5_1 Pin=U1-6
Added Net: Name=NetC5_1
Added Pin To Net: NetName=NetD1_1 Pin=D1-1
Added Pin To Net: NetName=NetD1_1 Pin=R2-2
Added Pin To Net: NetName=NetD1_1 Pin=U1-1
Added Net: Name=NetD1_1
Added Pin To Net: NetName=NetD1_2 Pin=D1-2
Added Pin To Net: NetName=NetD1_2 Pin=U1-2
Added Net: Name=NetD1_2
Added Pin To Net: NetName=NetJ1_2 Pin=J1-2
Added Pin To Net: NetName=NetJ1_2 Pin=R8-1
Added Net: Name=NetJ1_2
Added Pin To Net: NetName=NetJ1_3 Pin=J1-3
Added Pin To Net: NetName=NetJ1_3 Pin=R7-1
Added Net: Name=NetJ1_3
Added Pin To Net: NetName=NetR3_2 Pin=R3-2
Added Pin To Net: NetName=NetR3_2 Pin=U1-12
Added Net: Name=NetR3_2
Added Pin To Net: NetName=NetR6_2 Pin=R6-2
Added Pin To Net: NetName=NetR6_2 Pin=U1-5
Added Net: Name=NetR6_2
Added Pin To Net: NetName=NetR9_2 Pin=R9-2
Added Pin To Net: NetName=NetR9_2 Pin=U1-23
Added Net: Name=NetR9_2
Added Pin To Net: NetName=NetR10_2 Pin=R10-2
Added Pin To Net: NetName=NetR10_2 Pin=U1-24
Added Net: Name=NetR10_2
Added Pin To Net: NetName=NetR11_2 Pin=R11-2
Added Pin To Net: NetName=NetR11_2 Pin=U13D1-2
Added Net: Name=NetR11_2
Added Pin To Net: NetName=USB3410_CTS Pin=U1-13
Added Pin To Net: NetName=USB3410_CTS Pin=U12TAG1-1
Added Net: Name=USB3410_CTS
Added Pin To Net: NetName=USB3410_DTR Pin=U1-21
Added Net: Name=USB3410_DTR
Added Pin To Net: NetName=USB3410_RTS Pin=U1-20
Added Pin To Net: NetName=USB3410_RTS Pin=U12TAG1-3
Added Net: Name=USB3410_RTS
Added Pin To Net: NetName=USB3410_RX Pin=U1-17
Added Pin To Net: NetName=USB3410_RX Pin=U12TAG1-2
Added Net: Name=USB3410_RX
Added Pin To Net: NetName=USB3410_TX Pin=U1-19
Added Pin To Net: NetName=USB3410_TX Pin=U12TAG1-4
Added Net: Name=USB3410_TX
Added Class: Name=USB_Serial_Interface
